[01m[K/home/yin-roc/1-Github/Ubuntu20.04-VMware/workspace/qt_ros_ws/demo03_ws/src/demo/src/user.cpp:[m[K In constructor ‘[01m[KUser::User(QWidget*)[m[K’:
[01m[K/home/yin-roc/1-Github/Ubuntu20.04-VMware/workspace/qt_ros_ws/demo03_ws/src/demo/src/user.cpp:25:148:[m[K [01;31m[Kerror: [m[Kno matching function for call to ‘[01m[KUser::connect(QDoubleSpinBox*&, void (QDoubleSpinBox::*)(double), QSlider*&, void (User::*)(double))[m[K’
   25 |     connect(ui->doubleSpinBox, QOverload<double>::of(&QDoubleSpinBox::valueChanged), ui->speed_horizontalSlider, &User::onDoubleSpinBoxValueChanged[01;31m[K)[m[K;
      |                                                                                                                                                    [01;31m[K^[m[K
In file included from [01m[K/usr/include/x86_64-linux-gnu/qt5/QtWidgets/qwidget.h:45[m[K,
                 from [01m[K/usr/include/x86_64-linux-gnu/qt5/QtWidgets/QWidget:1[m[K,
                 from [01m[K/home/yin-roc/1-Github/Ubuntu20.04-VMware/workspace/qt_ros_ws/demo03_ws/src/demo/src/user.h:4[m[K,
                 from [01m[K/home/yin-roc/1-Github/Ubuntu20.04-VMware/workspace/qt_ros_ws/demo03_ws/src/demo/src/user.cpp:1[m[K:
[01m[K/usr/include/x86_64-linux-gnu/qt5/QtCore/qobject.h:208:36:[m[K [01;36m[Knote: [m[Kcandidate: ‘[01m[Kstatic QMetaObject::Connection QObject::connect(const QObject*, const char*, const QObject*, const char*, Qt::ConnectionType)[m[K’
  208 |     static QMetaObject::Connection [01;36m[Kconnect[m[K(const QObject *sender, const char *signal,
      |                                    [01;36m[K^~~~~~~[m[K
[01m[K/usr/include/x86_64-linux-gnu/qt5/QtCore/qobject.h:208:79:[m[K [01;36m[Knote: [m[K  no known conversion for argument 2 from ‘[01m[Kvoid (QDoubleSpinBox::*)(double)[m[K’ to ‘[01m[Kconst char*[m[K’
  208 |     static QMetaObject::Connection connect(const QObject *sender, [01;36m[Kconst char *signal[m[K,
      |                                                                   [01;36m[K~~~~~~~~~~~~^~~~~~[m[K
[01m[K/usr/include/x86_64-linux-gnu/qt5/QtCore/qobject.h:211:36:[m[K [01;36m[Knote: [m[Kcandidate: ‘[01m[Kstatic QMetaObject::Connection QObject::connect(const QObject*, const QMetaMethod&, const QObject*, const QMetaMethod&, Qt::ConnectionType)[m[K’
  211 |     static QMetaObject::Connection [01;36m[Kconnect[m[K(const QObject *sender, const QMetaMethod &signal,
      |                                    [01;36m[K^~~~~~~[m[K
[01m[K/usr/include/x86_64-linux-gnu/qt5/QtCore/qobject.h:211:86:[m[K [01;36m[Knote: [m[K  no known conversion for argument 2 from ‘[01m[Kvoid (QDoubleSpinBox::*)(double)[m[K’ to ‘[01m[Kconst QMetaMethod&[m[K’
  211 |     static QMetaObject::Connection connect(const QObject *sender, [01;36m[Kconst QMetaMethod &signal[m[K,
      |                                                                   [01;36m[K~~~~~~~~~~~~~~~~~~~^~~~~~[m[K
[01m[K/usr/include/x86_64-linux-gnu/qt5/QtCore/qobject.h:463:32:[m[K [01;36m[Knote: [m[Kcandidate: ‘[01m[KQMetaObject::Connection QObject::connect(const QObject*, const char*, const char*, Qt::ConnectionType) const[m[K’
  463 | inline QMetaObject::Connection [01;36m[KQObject[m[K::connect(const QObject *asender, const char *asignal,
      |                                [01;36m[K^~~~~~~[m[K
[01m[K/usr/include/x86_64-linux-gnu/qt5/QtCore/qobject.h:463:85:[m[K [01;36m[Knote: [m[K  no known conversion for argument 2 from ‘[01m[Kvoid (QDoubleSpinBox::*)(double)[m[K’ to ‘[01m[Kconst char*[m[K’
  463 | inline QMetaObject::Connection QObject::connect(const QObject *asender, [01;36m[Kconst char *asignal[m[K,
      |                                                                         [01;36m[K~~~~~~~~~~~~^~~~~~~[m[K
[01m[K/usr/include/x86_64-linux-gnu/qt5/QtCore/qobject.h:228:43:[m[K [01;36m[Knote: [m[Kcandidate: ‘[01m[Kstatic QMetaObject::Connection QObject::connect(const typename QtPrivate::FunctionPointer<Func>::Object*, Func1, const typename QtPrivate::FunctionPointer<Func2>::Object*, Func2, Qt::ConnectionType) [with Func1 = void (QDoubleSpinBox::*)(double); Func2 = void (User::*)(double); typename QtPrivate::FunctionPointer<Func>::Object = QDoubleSpinBox; typename QtPrivate::FunctionPointer<Func2>::Object = User][m[K’
  228 |     static inline QMetaObject::Connection [01;36m[Kconnect[m[K(const typename QtPrivate::FunctionPointer<Func1>::Object *sender, Func1 signal,
      |                                           [01;36m[K^~~~~~~[m[K
[01m[K/usr/include/x86_64-linux-gnu/qt5/QtCore/qobject.h:229:96:[m[K [01;36m[Knote: [m[K  no known conversion for argument 3 from ‘[01m[KQSlider*[m[K’ to ‘[01m[Kconst Object*[m[K’ {aka ‘[01m[Kconst User*[m[K’}
  229 |                                      [01;36m[Kconst typename QtPrivate::FunctionPointer<Func2>::Object *receiver[m[K, Func2 slot,
      |                                      [01;36m[K~~~~~~~~~~~~~~~~~~~~~~~~~~~~~~~~~~~~~~~~~~~~~~~~~~~~~~~~~~^~~~~~~~[m[K
[01m[K/usr/include/x86_64-linux-gnu/qt5/QtCore/qobject.h:260:13:[m[K [01;36m[Knote: [m[Kcandidate: ‘[01m[Ktemplate<class Func1, class Func2> static typename std::enable_if<((int)(QtPrivate::FunctionPointer<Func2>::ArgumentCount) >= 0), QMetaObject::Connection>::type QObject::connect(const typename QtPrivate::FunctionPointer<Func>::Object*, Func1, Func2)[m[K’
  260 |             [01;36m[Kconnect[m[K(const typename QtPrivate::FunctionPointer<Func1>::Object *sender, Func1 signal, Func2 slot)
      |             [01;36m[K^~~~~~~[m[K
[01m[K/usr/include/x86_64-linux-gnu/qt5/QtCore/qobject.h:260:13:[m[K [01;36m[Knote: [m[K  template argument deduction/substitution failed:
[01m[K/home/yin-roc/1-Github/Ubuntu20.04-VMware/workspace/qt_ros_ws/demo03_ws/src/demo/src/user.cpp:25:148:[m[K [01;36m[Knote: [m[K  candidate expects 3 arguments, 4 provided
   25 |     connect(ui->doubleSpinBox, QOverload<double>::of(&QDoubleSpinBox::valueChanged), ui->speed_horizontalSlider, &User::onDoubleSpinBoxValueChanged[01;36m[K)[m[K;
      |                                                                                                                                                    [01;36m[K^[m[K
In file included from [01m[K/usr/include/x86_64-linux-gnu/qt5/QtWidgets/qwidget.h:45[m[K,
                 from [01m[K/usr/include/x86_64-linux-gnu/qt5/QtWidgets/QWidget:1[m[K,
                 from [01m[K/home/yin-roc/1-Github/Ubuntu20.04-VMware/workspace/qt_ros_ws/demo03_ws/src/demo/src/user.h:4[m[K,
                 from [01m[K/home/yin-roc/1-Github/Ubuntu20.04-VMware/workspace/qt_ros_ws/demo03_ws/src/demo/src/user.cpp:1[m[K:
[01m[K/usr/include/x86_64-linux-gnu/qt5/QtCore/qobject.h:269:13:[m[K [01;36m[Knote: [m[Kcandidate: ‘[01m[Ktemplate<class Func1, class Func2> static typename std::enable_if<(((int)(QtPrivate::FunctionPointer<Func2>::ArgumentCount) >= 0) && (! QtPrivate::FunctionPointer<Func2>::IsPointerToMemberFunction)), QMetaObject::Connection>::type QObject::connect(const typename QtPrivate::FunctionPointer<Func>::Object*, Func1, const QObject*, Func2, Qt::ConnectionType)[m[K’
  269 |             [01;36m[Kconnect[m[K(const typename QtPrivate::FunctionPointer<Func1>::Object *sender, Func1 signal, const QObject *context, Func2 slot,
      |             [01;36m[K^~~~~~~[m[K
[01m[K/usr/include/x86_64-linux-gnu/qt5/QtCore/qobject.h:269:13:[m[K [01;36m[Knote: [m[K  template argument deduction/substitution failed:
/usr/include/x86_64-linux-gnu/qt5/QtCore/qobject.h: In substitution of ‘[01m[Ktemplate<class Func1, class Func2> static typename std::enable_if<(((int)(QtPrivate::FunctionPointer<Func2>::ArgumentCount) >= 0) && (! QtPrivate::FunctionPointer<Func2>::IsPointerToMemberFunction)), QMetaObject::Connection>::type QObject::connect(const typename QtPrivate::FunctionPointer<Func>::Object*, Func1, const QObject*, Func2, Qt::ConnectionType) [with Func1 = void (QDoubleSpinBox::*)(double); Func2 = void (User::*)(double)][m[K’:
[01m[K/home/yin-roc/1-Github/Ubuntu20.04-VMware/workspace/qt_ros_ws/demo03_ws/src/demo/src/user.cpp:25:148:[m[K   required from here
[01m[K/usr/include/x86_64-linux-gnu/qt5/QtCore/qobject.h:269:13:[m[K [01;31m[Kerror: [m[Kno type named ‘[01m[Ktype[m[K’ in ‘[01m[Kstruct std::enable_if<false, QMetaObject::Connection>[m[K’
[01m[K/usr/include/x86_64-linux-gnu/qt5/QtCore/qobject.h:300:13:[m[K [01;36m[Knote: [m[Kcandidate: ‘[01m[Ktemplate<class Func1, class Func2> static typename std::enable_if<(QtPrivate::FunctionPointer<Func2>::ArgumentCount == -1), QMetaObject::Connection>::type QObject::connect(const typename QtPrivate::FunctionPointer<Func>::Object*, Func1, Func2)[m[K’
  300 |             [01;36m[Kconnect[m[K(const typename QtPrivate::FunctionPointer<Func1>::Object *sender, Func1 signal, Func2 slot)
      |             [01;36m[K^~~~~~~[m[K
[01m[K/usr/include/x86_64-linux-gnu/qt5/QtCore/qobject.h:300:13:[m[K [01;36m[Knote: [m[K  template argument deduction/substitution failed:
[01m[K/home/yin-roc/1-Github/Ubuntu20.04-VMware/workspace/qt_ros_ws/demo03_ws/src/demo/src/user.cpp:25:148:[m[K [01;36m[Knote: [m[K  candidate expects 3 arguments, 4 provided
   25 |     connect(ui->doubleSpinBox, QOverload<double>::of(&QDoubleSpinBox::valueChanged), ui->speed_horizontalSlider, &User::onDoubleSpinBoxValueChanged[01;36m[K)[m[K;
      |                                                                                                                                                    [01;36m[K^[m[K
In file included from [01m[K/usr/include/x86_64-linux-gnu/qt5/QtWidgets/qwidget.h:45[m[K,
                 from [01m[K/usr/include/x86_64-linux-gnu/qt5/QtWidgets/QWidget:1[m[K,
                 from [01m[K/home/yin-roc/1-Github/Ubuntu20.04-VMware/workspace/qt_ros_ws/demo03_ws/src/demo/src/user.h:4[m[K,
                 from [01m[K/home/yin-roc/1-Github/Ubuntu20.04-VMware/workspace/qt_ros_ws/demo03_ws/src/demo/src/user.cpp:1[m[K:
[01m[K/usr/include/x86_64-linux-gnu/qt5/QtCore/qobject.h:308:13:[m[K [01;36m[Knote: [m[Kcandidate: ‘[01m[Ktemplate<class Func1, class Func2> static typename std::enable_if<(QtPrivate::FunctionPointer<Func2>::ArgumentCount == -1), QMetaObject::Connection>::type QObject::connect(const typename QtPrivate::FunctionPointer<Func>::Object*, Func1, const QObject*, Func2, Qt::ConnectionType)[m[K’
  308 |             [01;36m[Kconnect[m[K(const typename QtPrivate::FunctionPointer<Func1>::Object *sender, Func1 signal, const QObject *context, Func2 slot,
      |             [01;36m[K^~~~~~~[m[K
[01m[K/usr/include/x86_64-linux-gnu/qt5/QtCore/qobject.h:308:13:[m[K [01;36m[Knote: [m[K  template argument deduction/substitution failed:
/usr/include/x86_64-linux-gnu/qt5/QtCore/qobject.h: In substitution of ‘[01m[Ktemplate<class Func1, class Func2> static typename std::enable_if<(QtPrivate::FunctionPointer<Func2>::ArgumentCount == -1), QMetaObject::Connection>::type QObject::connect(const typename QtPrivate::FunctionPointer<Func>::Object*, Func1, const QObject*, Func2, Qt::ConnectionType) [with Func1 = void (QDoubleSpinBox::*)(double); Func2 = void (User::*)(double)][m[K’:
[01m[K/home/yin-roc/1-Github/Ubuntu20.04-VMware/workspace/qt_ros_ws/demo03_ws/src/demo/src/user.cpp:25:148:[m[K   required from here
[01m[K/usr/include/x86_64-linux-gnu/qt5/QtCore/qobject.h:308:13:[m[K [01;31m[Kerror: [m[Kno type named ‘[01m[Ktype[m[K’ in ‘[01m[Kstruct std::enable_if<false, QMetaObject::Connection>[m[K’
make[2]: *** [CMakeFiles/demo_node.dir/build.make:115：CMakeFiles/demo_node.dir/src/user.cpp.o] 错误 1
make[2]: *** 正在等待未完成的任务....
make[1]: *** [CMakeFiles/Makefile2:453：CMakeFiles/demo_node.dir/all] 错误 2
make: *** [Makefile:141：all] 错误 2
