[01m[K/home/yin-roc/1-Github/Ubuntu20.04-VMware/workspace/qt_ros_ws/demo03_ws/src/demo/src/serial.cpp:[m[K In member function ‘[01m[Kvoid Serial::on_pushButton_open_serial_clicked()[m[K’:
[01m[K/home/yin-roc/1-Github/Ubuntu20.04-VMware/workspace/qt_ros_ws/demo03_ws/src/demo/src/serial.cpp:67:13:[m[K [01;31m[Kerror: [m[K‘[01m[Kclass Ui::Serial[m[K’ has no member named ‘[01m[KcomboBox_databits[m[K’
   67 |         ui->[01;31m[KcomboBox_databits[m[K->setEnabled(false);
      |             [01;31m[K^~~~~~~~~~~~~~~~~[m[K
[01m[K/home/yin-roc/1-Github/Ubuntu20.04-VMware/workspace/qt_ros_ws/demo03_ws/src/demo/src/serial.cpp:68:13:[m[K [01;31m[Kerror: [m[K‘[01m[Kclass Ui::Serial[m[K’ has no member named ‘[01m[KcomboBox_parity[m[K’; did you mean ‘[01m[KcomboBox_baudrate[m[K’?
   68 |         ui->[01;31m[KcomboBox_parity[m[K->setEnabled(false);
      |             [01;31m[K^~~~~~~~~~~~~~~[m[K
      |             [32m[KcomboBox_baudrate[m[K
[01m[K/home/yin-roc/1-Github/Ubuntu20.04-VMware/workspace/qt_ros_ws/demo03_ws/src/demo/src/serial.cpp:69:13:[m[K [01;31m[Kerror: [m[K‘[01m[Kclass Ui::Serial[m[K’ has no member named ‘[01m[KcomboBox_stopbits[m[K’
   69 |         ui->[01;31m[KcomboBox_stopbits[m[K->setEnabled(false);
      |             [01;31m[K^~~~~~~~~~~~~~~~~[m[K
[01m[K/home/yin-roc/1-Github/Ubuntu20.04-VMware/workspace/qt_ros_ws/demo03_ws/src/demo/src/serial.cpp:80:13:[m[K [01;31m[Kerror: [m[K‘[01m[Kclass Ui::Serial[m[K’ has no member named ‘[01m[KcomboBox_databits[m[K’
   80 |         ui->[01;31m[KcomboBox_databits[m[K->setEnabled(true);
      |             [01;31m[K^~~~~~~~~~~~~~~~~[m[K
[01m[K/home/yin-roc/1-Github/Ubuntu20.04-VMware/workspace/qt_ros_ws/demo03_ws/src/demo/src/serial.cpp:81:13:[m[K [01;31m[Kerror: [m[K‘[01m[Kclass Ui::Serial[m[K’ has no member named ‘[01m[KcomboBox_parity[m[K’; did you mean ‘[01m[KcomboBox_baudrate[m[K’?
   81 |         ui->[01;31m[KcomboBox_parity[m[K->setEnabled(true);
      |             [01;31m[K^~~~~~~~~~~~~~~[m[K
      |             [32m[KcomboBox_baudrate[m[K
[01m[K/home/yin-roc/1-Github/Ubuntu20.04-VMware/workspace/qt_ros_ws/demo03_ws/src/demo/src/serial.cpp:82:13:[m[K [01;31m[Kerror: [m[K‘[01m[Kclass Ui::Serial[m[K’ has no member named ‘[01m[KcomboBox_stopbits[m[K’
   82 |         ui->[01;31m[KcomboBox_stopbits[m[K->setEnabled(true);
      |             [01;31m[K^~~~~~~~~~~~~~~~~[m[K
make[2]: *** [CMakeFiles/demo_node.dir/build.make:141：CMakeFiles/demo_node.dir/src/serial.cpp.o] 错误 1
make[1]: *** [CMakeFiles/Makefile2:453：CMakeFiles/demo_node.dir/all] 错误 2
make: *** [Makefile:141：all] 错误 2
