[01m[K/home/yin-roc/1-Github/Ubuntu20.04-VMware/workspace/qt_ros_ws/demo03_ws/src/demo/src/serial.cpp:100:6:[m[K [01;31m[Kerror: [m[Kno declaration matches ‘[01m[Kvoid Serial::on_checkBox_clicked()[m[K’
  100 | void [01;31m[KSerial[m[K::on_checkBox_clicked()
      |      [01;31m[K^~~~~~[m[K
[01m[K/home/yin-roc/1-Github/Ubuntu20.04-VMware/workspace/qt_ros_ws/demo03_ws/src/demo/src/serial.cpp:100:6:[m[K [01;36m[Knote: [m[Kno functions named ‘[01m[Kvoid Serial::on_checkBox_clicked()[m[K’
In file included from [01m[K/home/yin-roc/1-Github/Ubuntu20.04-VMware/workspace/qt_ros_ws/demo03_ws/src/demo/src/serial.cpp:1[m[K:
[01m[K/home/yin-roc/1-Github/Ubuntu20.04-VMware/workspace/qt_ros_ws/demo03_ws/src/demo/src/serial.h:14:7:[m[K [01;36m[Knote: [m[K‘[01m[Kclass Serial[m[K’ defined here
   14 | class [01;36m[KSerial[m[K : public QWidget
      |       [01;36m[K^~~~~~[m[K
[01m[K/home/yin-roc/1-Github/Ubuntu20.04-VMware/workspace/qt_ros_ws/demo03_ws/src/demo/src/serial.cpp:108:6:[m[K [01;31m[Kerror: [m[Kno declaration matches ‘[01m[Kvoid Serial::on_checkBox_2_clicked()[m[K’
  108 | void [01;31m[KSerial[m[K::on_checkBox_2_clicked()
      |      [01;31m[K^~~~~~[m[K
[01m[K/home/yin-roc/1-Github/Ubuntu20.04-VMware/workspace/qt_ros_ws/demo03_ws/src/demo/src/serial.cpp:108:6:[m[K [01;36m[Knote: [m[Kno functions named ‘[01m[Kvoid Serial::on_checkBox_2_clicked()[m[K’
In file included from [01m[K/home/yin-roc/1-Github/Ubuntu20.04-VMware/workspace/qt_ros_ws/demo03_ws/src/demo/src/serial.cpp:1[m[K:
[01m[K/home/yin-roc/1-Github/Ubuntu20.04-VMware/workspace/qt_ros_ws/demo03_ws/src/demo/src/serial.h:14:7:[m[K [01;36m[Knote: [m[K‘[01m[Kclass Serial[m[K’ defined here
   14 | class [01;36m[KSerial[m[K : public QWidget
      |       [01;36m[K^~~~~~[m[K
[01m[K/home/yin-roc/1-Github/Ubuntu20.04-VMware/workspace/qt_ros_ws/demo03_ws/src/demo/src/serial.cpp:116:6:[m[K [01;31m[Kerror: [m[Kno declaration matches ‘[01m[Kvoid Serial::on_checkBox_3_clicked()[m[K’
  116 | void [01;31m[KSerial[m[K::on_checkBox_3_clicked()
      |      [01;31m[K^~~~~~[m[K
[01m[K/home/yin-roc/1-Github/Ubuntu20.04-VMware/workspace/qt_ros_ws/demo03_ws/src/demo/src/serial.cpp:116:6:[m[K [01;36m[Knote: [m[Kno functions named ‘[01m[Kvoid Serial::on_checkBox_3_clicked()[m[K’
In file included from [01m[K/home/yin-roc/1-Github/Ubuntu20.04-VMware/workspace/qt_ros_ws/demo03_ws/src/demo/src/serial.cpp:1[m[K:
[01m[K/home/yin-roc/1-Github/Ubuntu20.04-VMware/workspace/qt_ros_ws/demo03_ws/src/demo/src/serial.h:14:7:[m[K [01;36m[Knote: [m[K‘[01m[Kclass Serial[m[K’ defined here
   14 | class [01;36m[KSerial[m[K : public QWidget
      |       [01;36m[K^~~~~~[m[K
make[2]: *** [CMakeFiles/demo_node.dir/build.make:141：CMakeFiles/demo_node.dir/src/serial.cpp.o] 错误 1
make[1]: *** [CMakeFiles/Makefile2:453：CMakeFiles/demo_node.dir/all] 错误 2
make: *** [Makefile:141：all] 错误 2
