[01m[K/home/yin-roc/1-Github/Ubuntu20.04-VMware/workspace/qt_ros_ws/demo03_ws/src/demo/src/map.cpp:[m[K In constructor ‘[01m[KMap::Map(QWidget*)[m[K’:
[01m[K/home/yin-roc/1-Github/Ubuntu20.04-VMware/workspace/qt_ros_ws/demo03_ws/src/demo/src/map.cpp:21:9:[m[K [01;31m[Kerror: [m[K‘[01m[Kclass Ui::Map[m[K’ has no member named ‘[01m[KwebEngineView[m[K’
   21 |     ui->[01;31m[KwebEngineView[m[K->setUrl(QUrl::fromLocalFile("/home/yin-roc/1-Github/Ubuntu20.04-VMware/workspace/qt_ros_ws/demo03_ws/src/demo/src/map.html"));
      |         [01;31m[K^~~~~~~~~~~~~[m[K
[01m[K/home/yin-roc/1-Github/Ubuntu20.04-VMware/workspace/qt_ros_ws/demo03_ws/src/demo/src/map.cpp:[m[K In member function ‘[01m[Kvoid Map::on_pushButton_clicked()[m[K’:
[01m[K/home/yin-roc/1-Github/Ubuntu20.04-VMware/workspace/qt_ros_ws/demo03_ws/src/demo/src/map.cpp:54:13:[m[K [01;31m[Kerror: [m[K‘[01m[Kclass Ui::Map[m[K’ has no member named ‘[01m[Kroute[m[K’
   54 |         ui->[01;31m[Kroute[m[K->setText("");
      |             [01;31m[K^~~~~[m[K
[01m[K/home/yin-roc/1-Github/Ubuntu20.04-VMware/workspace/qt_ros_ws/demo03_ws/src/demo/src/map.cpp:[m[K In member function ‘[01m[Kvoid Map::onGpsUpdated(double, double)[m[K’:
[01m[K/home/yin-roc/1-Github/Ubuntu20.04-VMware/workspace/qt_ros_ws/demo03_ws/src/demo/src/map.cpp:65:9:[m[K [01;31m[Kerror: [m[K‘[01m[Kclass Ui::Map[m[K’ has no member named ‘[01m[Kgps[m[K’
   65 |     ui->[01;31m[Kgps[m[K->setText(QString::number(longitude, 'f', 10) + " " + QString::number(latitude, 'f', 10));
      |         [01;31m[K^~~[m[K
[01m[K/home/yin-roc/1-Github/Ubuntu20.04-VMware/workspace/qt_ros_ws/demo03_ws/src/demo/src/map.cpp:[m[K In member function ‘[01m[Kvoid Map::onRouteDrawn()[m[K’:
[01m[K/home/yin-roc/1-Github/Ubuntu20.04-VMware/workspace/qt_ros_ws/demo03_ws/src/demo/src/map.cpp:74:9:[m[K [01;31m[Kerror: [m[K‘[01m[Kclass Ui::Map[m[K’ has no member named ‘[01m[Kroute[m[K’
   74 |     ui->[01;31m[Kroute[m[K->setText("正在绘制路线...");
      |         [01;31m[K^~~~~[m[K
[01m[K/home/yin-roc/1-Github/Ubuntu20.04-VMware/workspace/qt_ros_ws/demo03_ws/src/demo/src/map.cpp:[m[K In member function ‘[01m[Kvoid Map::onSpeedLimitReceived(int)[m[K’:
[01m[K/home/yin-roc/1-Github/Ubuntu20.04-VMware/workspace/qt_ros_ws/demo03_ws/src/demo/src/map.cpp:83:9:[m[K [01;31m[Kerror: [m[K‘[01m[Kclass Ui::Map[m[K’ has no member named ‘[01m[Kspeed[m[K’
   83 |     ui->[01;31m[Kspeed[m[K->setText("Speed Limit:" + QString::number(limit));
      |         [01;31m[K^~~~~[m[K
[01m[K/home/yin-roc/1-Github/Ubuntu20.04-VMware/workspace/qt_ros_ws/demo03_ws/src/demo/src/map.cpp:[m[K In member function ‘[01m[Kvoid Map::onTimerTimeout()[m[K’:
[01m[K/home/yin-roc/1-Github/Ubuntu20.04-VMware/workspace/qt_ros_ws/demo03_ws/src/demo/src/map.cpp:91:5:[m[K [01;31m[Kerror: [m[K‘[01m[Klng[m[K’ was not declared in this scope; did you mean ‘[01m[Klog[m[K’?
   91 |     [01;31m[Klng[m[K = lng - 0.0003;
      |     [01;31m[K^~~[m[K
      |     [32m[Klog[m[K
[01m[K/home/yin-roc/1-Github/Ubuntu20.04-VMware/workspace/qt_ros_ws/demo03_ws/src/demo/src/map.cpp:92:5:[m[K [01;31m[Kerror: [m[K‘[01m[Klat[m[K’ was not declared in this scope
   92 |     [01;31m[Klat[m[K = lat - 0.0003;
      |     [01;31m[K^~~[m[K
[01m[K/home/yin-roc/1-Github/Ubuntu20.04-VMware/workspace/qt_ros_ws/demo03_ws/src/demo/src/map.cpp:94:31:[m[K [01;31m[Kerror: [m[K‘[01m[Kclass Ui::Map[m[K’ has no member named ‘[01m[KwebEngineView[m[K’
   94 |     gpsManager->drawRoute(ui->[01;31m[KwebEngineView[m[K->page());
      |                               [01;31m[K^~~~~~~~~~~~~[m[K
make[2]: *** [CMakeFiles/demo_node.dir/build.make:180：CMakeFiles/demo_node.dir/src/map.cpp.o] 错误 1
make[1]: *** [CMakeFiles/Makefile2:453：CMakeFiles/demo_node.dir/all] 错误 2
make: *** [Makefile:141：all] 错误 2
