Performing C++ SOURCE FILE Test CMAKE_HAVE_LIBC_PTHREAD failed with the following output:
Change Dir: /home/yin-roc/1-Github/Ubuntu20.04-VMware/workspace/qt_ros_ws/catkin_demo_ws/build/Direction_control/CMakeFiles/CMakeTmp

Run Build Command(s):/usr/bin/make cmTC_00b8b/fast && /usr/bin/make -f CMakeFiles/cmTC_00b8b.dir/build.make CMakeFiles/cmTC_00b8b.dir/build
make[1]: 进入目录“/home/yin-roc/1-Github/Ubuntu20.04-VMware/workspace/qt_ros_ws/catkin_demo_ws/build/Direction_control/CMakeFiles/CMakeTmp”
Building CXX object CMakeFiles/cmTC_00b8b.dir/src.cxx.o
/usr/bin/c++    -DCMAKE_HAVE_LIBC_PTHREAD   -std=gnu++17 -o CMakeFiles/cmTC_00b8b.dir/src.cxx.o -c /home/yin-roc/1-Github/Ubuntu20.04-VMware/workspace/qt_ros_ws/catkin_demo_ws/build/Direction_control/CMakeFiles/CMakeTmp/src.cxx
Linking CXX executable cmTC_00b8b
/usr/bin/cmake -E cmake_link_script CMakeFiles/cmTC_00b8b.dir/link.txt --verbose=1
/usr/bin/c++   -DCMAKE_HAVE_LIBC_PTHREAD    CMakeFiles/cmTC_00b8b.dir/src.cxx.o  -o cmTC_00b8b 
/usr/bin/ld: CMakeFiles/cmTC_00b8b.dir/src.cxx.o: in function `main':
src.cxx:(.text+0x46): undefined reference to `pthread_create'
/usr/bin/ld: src.cxx:(.text+0x52): undefined reference to `pthread_detach'
/usr/bin/ld: src.cxx:(.text+0x63): undefined reference to `pthread_join'
collect2: error: ld returned 1 exit status
make[1]: *** [CMakeFiles/cmTC_00b8b.dir/build.make:87：cmTC_00b8b] 错误 1
make[1]: 离开目录“/home/yin-roc/1-Github/Ubuntu20.04-VMware/workspace/qt_ros_ws/catkin_demo_ws/build/Direction_control/CMakeFiles/CMakeTmp”
make: *** [Makefile:121：cmTC_00b8b/fast] 错误 2


Source file was:
#include <pthread.h>

void* test_func(void* data)
{
  return data;
}

int main(void)
{
  pthread_t thread;
  pthread_create(&thread, NULL, test_func, NULL);
  pthread_detach(thread);
  pthread_join(thread, NULL);
  pthread_atfork(NULL, NULL, NULL);
  pthread_exit(NULL);

  return 0;
}

