[ 12%] [34m[1mGenerating qrc_images.cpp[0m
[ 12%] [34m[1mGenerating include/ros_qt_demo/moc_slamset.cpp[0m
[ 12%] [34m[1mGenerating ui_slamresviewer.h[0m
[ 15%] [34m[1mGenerating ui_slamset.h[0m
[ 20%] [34m[1mGenerating ui_loginwidget.h[0m
[ 20%] [34m[1mGenerating ui_carsetwindow.h[0m
[ 12%] [34m[1mGenerating ui_main_window.h[0m
[ 15%] [34m[1mGenerating ui_pointcloud.h[0m
[ 22%] [34m[1mGenerating include/ros_qt_demo/moc_carsetwindow.cpp[0m
[ 27%] [34m[1mGenerating include/ros_qt_demo/moc_pointcloud.cpp[0m
[ 30%] [34m[1mGenerating include/ros_qt_demo/moc_mylabel.cpp[0m
[ 32%] [34m[1mGenerating include/ros_qt_demo/moc_loginwidget.cpp[0m
[ 35%] [34m[1mGenerating include/ros_qt_demo/moc_main_window.cpp[0m
[ 27%] [34m[1mGenerating include/ros_qt_demo/moc_gpsthread.cpp[0m
[ 37%] [34m[1mGenerating include/ros_qt_demo/moc_qnode.cpp[0m
[ 40%] [34m[1mGenerating include/ros_qt_demo/moc_qrviz.cpp[0m
[ 42%] [34m[1mGenerating include/ros_qt_demo/moc_slamresviewer.cpp[0m
[35m[1mScanning dependencies of target ros_qt_demo[0m
[ 47%] [32mBuilding CXX object CMakeFiles/ros_qt_demo.dir/src/gpsthread.cpp.o[0m
[ 47%] [32mBuilding CXX object CMakeFiles/ros_qt_demo.dir/src/carsetwindow.cpp.o[0m
[ 55%] [32mBuilding CXX object CMakeFiles/ros_qt_demo.dir/src/main_window.cpp.o[0m
[ 55%] [32mBuilding CXX object CMakeFiles/ros_qt_demo.dir/src/loginwidget.cpp.o[0m
[ 55%] [32mBuilding CXX object CMakeFiles/ros_qt_demo.dir/src/main.cpp.o[0m
[ 57%] [32mBuilding CXX object CMakeFiles/ros_qt_demo.dir/src/mylabel.cpp.o[0m
[ 60%] [32mBuilding CXX object CMakeFiles/ros_qt_demo.dir/src/pointcloud.cpp.o[0m
[ 62%] [32mBuilding CXX object CMakeFiles/ros_qt_demo.dir/src/qnode.cpp.o[0m
[ 65%] [32mBuilding CXX object CMakeFiles/ros_qt_demo.dir/src/qrviz.cpp.o[0m
[ 67%] [32mBuilding CXX object CMakeFiles/ros_qt_demo.dir/src/slamresviewer.cpp.o[0m
[ 70%] [32mBuilding CXX object CMakeFiles/ros_qt_demo.dir/src/slamset.cpp.o[0m
[01m[K/home/yin-roc/1-Github/Ubuntu20.04-VMware/workspace/qt_ros_ws/ros_qt_demo/src/ros_qt_demo/src/slamresviewer.cpp:[m[K In member function ‘[01m[Kvirtual bool SlamResViewer::eventFilter(QObject*, QEvent*)[m[K’:
[01m[K/home/yin-roc/1-Github/Ubuntu20.04-VMware/workspace/qt_ros_ws/ros_qt_demo/src/ros_qt_demo/src/slamresviewer.cpp:56:1:[m[K [01;35m[Kwarning: [m[Kcontrol reaches end of non-void function [[01;35m[K-Wreturn-type[m[K]
   56 | [01;35m[K}[m[K
      | [01;35m[K^[m[K
[ 72%] [32mBuilding CXX object CMakeFiles/ros_qt_demo.dir/qrc_images.cpp.o[0m
[01m[K/home/yin-roc/1-Github/Ubuntu20.04-VMware/workspace/qt_ros_ws/ros_qt_demo/src/ros_qt_demo/src/slamset.cpp:[m[K In member function ‘[01m[Kvirtual bool slamSet::eventFilter(QObject*, QEvent*)[m[K’:
[01m[K/home/yin-roc/1-Github/Ubuntu20.04-VMware/workspace/qt_ros_ws/ros_qt_demo/src/ros_qt_demo/src/slamset.cpp:210:1:[m[K [01;35m[Kwarning: [m[Kcontrol reaches end of non-void function [[01;35m[K-Wreturn-type[m[K]
  210 | [01;35m[K}[m[K
      | [01;35m[K^[m[K
[ 75%] [32mBuilding CXX object CMakeFiles/ros_qt_demo.dir/include/ros_qt_demo/moc_carsetwindow.cpp.o[0m
[ 77%] [32mBuilding CXX object CMakeFiles/ros_qt_demo.dir/include/ros_qt_demo/moc_gpsthread.cpp.o[0m
[01m[Kc++:[m[K [01;31m[Kfatal error: [m[K已杀死 signal terminated program cc1plus
compilation terminated.
make[2]: *** [CMakeFiles/ros_qt_demo.dir/build.make:178：CMakeFiles/ros_qt_demo.dir/src/main.cpp.o] 错误 1
make[2]: *** 正在等待未完成的任务....
[01m[K/home/yin-roc/1-Github/Ubuntu20.04-VMware/workspace/qt_ros_ws/ros_qt_demo/src/ros_qt_demo/src/loginwidget.cpp:[m[K In member function ‘[01m[Kvoid LoginWidget::on_gpsset_Button_clicked(bool)[m[K’:
[01m[K/home/yin-roc/1-Github/Ubuntu20.04-VMware/workspace/qt_ros_ws/ros_qt_demo/src/ros_qt_demo/src/loginwidget.cpp:82:87:[m[K [01;35m[Kwarning: [m[K‘[01m[Kargc[m[K’ is used uninitialized in this function [[01;35m[K-Wuninitialized[m[K]
   82 |     class1_ros_qt_demo::MainWindow* tw = new class1_ros_qt_demo::MainWindow(argc, argv[01;35m[K)[m[K;
      |                                                                                       [01;35m[K^[m[K
[01m[K/home/yin-roc/1-Github/Ubuntu20.04-VMware/workspace/qt_ros_ws/ros_qt_demo/src/ros_qt_demo/src/loginwidget.cpp:82:87:[m[K [01;35m[Kwarning: [m[K‘[01m[Kargv[m[K’ is used uninitialized in this function [[01;35m[K-Wuninitialized[m[K]
make[1]: *** [CMakeFiles/Makefile2:399：CMakeFiles/ros_qt_demo.dir/all] 错误 2
make: *** [Makefile:141：all] 错误 2
