Not searching for unused variables given on the command line.
CMake Warning (dev) at CMakeLists.txt:6 (project):
  Policy CMP0048 is not set: project() command manages VERSION variables.
  Run "cmake --help-policy CMP0048" for policy details.  Use the cmake_policy
  command to set the policy and suppress this warning.

  The following variable(s) would be set to empty:

    CMAKE_PROJECT_VERSION
    CMAKE_PROJECT_VERSION_MAJOR
    CMAKE_PROJECT_VERSION_MINOR
    CMAKE_PROJECT_VERSION_PATCH
This warning is for project developers.  Use -Wno-dev to suppress it.

-- Using CATKIN_DEVEL_PREFIX: /home/yin-roc/1-Github/Ubuntu20.04-VMware/workspace/qt_ros_ws/ros_qt_demo/devel
-- Using CMAKE_PREFIX_PATH: /home/yin-roc/1-Github/Ubuntu20.04-VMware/workspace/qt_ros_ws/ros_qt_demo/devel;/opt/ros/noetic
-- This workspace overlays: /home/yin-roc/1-Github/Ubuntu20.04-VMware/workspace/qt_ros_ws/ros_qt_demo/devel;/opt/ros/noetic
-- Found PythonInterp: /usr/bin/python3 (found suitable version "3.8.10", minimum required is "3")
-- Using PYTHON_EXECUTABLE: /usr/bin/python3
-- Using Debian Python package layout
-- Using empy: /usr/lib/python3/dist-packages/em.py
-- Using CATKIN_ENABLE_TESTING: ON
-- Call enable_testing()
-- Using CATKIN_TEST_RESULTS_DIR: /home/yin-roc/1-Github/Ubuntu20.04-VMware/workspace/qt_ros_ws/ros_qt_demo/build/ros_qt_demo/test_results
-- Forcing gtest/gmock from source, though one was otherwise available.
-- Found gtest sources under '/usr/src/googletest': gtests will be built
-- Found gmock sources under '/usr/src/googletest': gmock will be built
-- Found PythonInterp: /usr/bin/python3 (found version "3.8.10")
-- Using Python nosetests: /usr/bin/nosetests3
-- catkin 0.8.10
-- BUILD_SHARED_LIBS is on
-- Using these message generators: gencpp;geneus;genlisp;gennodejs;genpy
foreach-> Qt5Core_DIR : /opt/Qt5.12.6/5.12.6/gcc_64/lib/cmake/Qt5Core
foreach-> Qt5Gui_DIR : /opt/Qt5.12.6/5.12.6/gcc_64/lib/cmake/Qt5Gui
foreach-> Qt5Widgets_DIR : /opt/Qt5.12.6/5.12.6/gcc_64/lib/cmake/Qt5Widgets
foreach-> Qt5Multimedia_DIR : /opt/Qt5.12.6/5.12.6/gcc_64/lib/cmake/Qt5Multimedia
foreach-> Qt5Network_DIR : /opt/Qt5.12.6/5.12.6/gcc_64/lib/cmake/Qt5Network
foreach-> Qt5WebChannel_DIR : /opt/Qt5.12.6/5.12.6/gcc_64/lib/cmake/Qt5WebChannel
foreach-> Qt5WebEngine_DIR : /opt/Qt5.12.6/5.12.6/gcc_64/lib/cmake/Qt5WebEngine
foreach-> Qt5WebEngineWidgets_DIR : /opt/Qt5.12.6/5.12.6/gcc_64/lib/cmake/Qt5WebEngineWidgets
foreach-> Qt5SerialPort_DIR : /opt/Qt5.12.6/5.12.6/gcc_64/lib/cmake/Qt5SerialPort
Qt5::Core;Qt5::Gui;Qt5::Widgets;Qt5::Multimedia;Qt5::Network;Qt5::WebChannel;Qt5::WebEngine;Qt5::WebEngineWidgets;Qt5::SerialPort
CMake Error at /usr/lib/x86_64-linux-gnu/cmake/Qt5/Qt5Config.cmake:28 (find_package):
  Could not find a package configuration file provided by "Qt5WebChannel"
  with any of the following names:

    Qt5WebChannelConfig.cmake
    qt5webchannel-config.cmake

  Add the installation prefix of "Qt5WebChannel" to CMAKE_PREFIX_PATH or set
  "Qt5WebChannel_DIR" to a directory containing one of the above files.  If
  "Qt5WebChannel" provides a separate development package or SDK, be sure it
  has been installed.
Call Stack (most recent call first):
  CMakeLists.txt:63 (find_package)


-- Configuring incomplete, errors occurred!
See also "/home/yin-roc/1-Github/Ubuntu20.04-VMware/workspace/qt_ros_ws/ros_qt_demo/build/ros_qt_demo/CMakeFiles/CMakeOutput.log".
See also "/home/yin-roc/1-Github/Ubuntu20.04-VMware/workspace/qt_ros_ws/ros_qt_demo/build/ros_qt_demo/CMakeFiles/CMakeError.log".
