Performing C++ SOURCE FILE Test CMAKE_HAVE_LIBC_PTHREAD failed with the following output:
Change Dir: /home/yin-roc/1-Github/Ubuntu20.04-VMware/workspace/qt_ros_ws/demo01_ws/build/demo01_Dir_Control/CMakeFiles/CMakeTmp

Run Build Command(s):/usr/bin/make cmTC_657dd/fast && /usr/bin/make -f CMakeFiles/cmTC_657dd.dir/build.make CMakeFiles/cmTC_657dd.dir/build
make[1]: 进入目录“/home/yin-roc/1-Github/Ubuntu20.04-VMware/workspace/qt_ros_ws/demo01_ws/build/demo01_Dir_Control/CMakeFiles/CMakeTmp”
Building CXX object CMakeFiles/cmTC_657dd.dir/src.cxx.o
/usr/bin/c++    -DCMAKE_HAVE_LIBC_PTHREAD   -o CMakeFiles/cmTC_657dd.dir/src.cxx.o -c /home/yin-roc/1-Github/Ubuntu20.04-VMware/workspace/qt_ros_ws/demo01_ws/build/demo01_Dir_Control/CMakeFiles/CMakeTmp/src.cxx
Linking CXX executable cmTC_657dd
/usr/bin/cmake -E cmake_link_script CMakeFiles/cmTC_657dd.dir/link.txt --verbose=1
/usr/bin/c++   -DCMAKE_HAVE_LIBC_PTHREAD    -rdynamic CMakeFiles/cmTC_657dd.dir/src.cxx.o  -o cmTC_657dd 
/usr/bin/ld: CMakeFiles/cmTC_657dd.dir/src.cxx.o: in function `main':
src.cxx:(.text+0x46): undefined reference to `pthread_create'
/usr/bin/ld: src.cxx:(.text+0x52): undefined reference to `pthread_detach'
/usr/bin/ld: src.cxx:(.text+0x63): undefined reference to `pthread_join'
collect2: error: ld returned 1 exit status
make[1]: *** [CMakeFiles/cmTC_657dd.dir/build.make:87：cmTC_657dd] 错误 1
make[1]: 离开目录“/home/yin-roc/1-Github/Ubuntu20.04-VMware/workspace/qt_ros_ws/demo01_ws/build/demo01_Dir_Control/CMakeFiles/CMakeTmp”
make: *** [Makefile:121：cmTC_657dd/fast] 错误 2


Source file was:
#include <pthread.h>

void* test_func(void* data)
{
  return data;
}

int main(void)
{
  pthread_t thread;
  pthread_create(&thread, NULL, test_func, NULL);
  pthread_detach(thread);
  pthread_join(thread, NULL);
  pthread_atfork(NULL, NULL, NULL);
  pthread_exit(NULL);

  return 0;
}

Determining if the function pthread_create exists in the pthreads failed with the following output:
Change Dir: /home/yin-roc/1-Github/Ubuntu20.04-VMware/workspace/qt_ros_ws/demo01_ws/build/demo01_Dir_Control/CMakeFiles/CMakeTmp

Run Build Command(s):/usr/bin/make cmTC_58433/fast && /usr/bin/make -f CMakeFiles/cmTC_58433.dir/build.make CMakeFiles/cmTC_58433.dir/build
make[1]: 进入目录“/home/yin-roc/1-Github/Ubuntu20.04-VMware/workspace/qt_ros_ws/demo01_ws/build/demo01_Dir_Control/CMakeFiles/CMakeTmp”
Building CXX object CMakeFiles/cmTC_58433.dir/CheckFunctionExists.cxx.o
/usr/bin/c++    -DCHECK_FUNCTION_EXISTS=pthread_create   -o CMakeFiles/cmTC_58433.dir/CheckFunctionExists.cxx.o -c /home/yin-roc/1-Github/Ubuntu20.04-VMware/workspace/qt_ros_ws/demo01_ws/build/demo01_Dir_Control/CMakeFiles/CheckLibraryExists/CheckFunctionExists.cxx
Linking CXX executable cmTC_58433
/usr/bin/cmake -E cmake_link_script CMakeFiles/cmTC_58433.dir/link.txt --verbose=1
/usr/bin/c++   -DCHECK_FUNCTION_EXISTS=pthread_create    -rdynamic CMakeFiles/cmTC_58433.dir/CheckFunctionExists.cxx.o  -o cmTC_58433  -lpthreads 
/usr/bin/ld: 找不到 -lpthreads
collect2: error: ld returned 1 exit status
make[1]: *** [CMakeFiles/cmTC_58433.dir/build.make:87：cmTC_58433] 错误 1
make[1]: 离开目录“/home/yin-roc/1-Github/Ubuntu20.04-VMware/workspace/qt_ros_ws/demo01_ws/build/demo01_Dir_Control/CMakeFiles/CMakeTmp”
make: *** [Makefile:121：cmTC_58433/fast] 错误 2



