[35m[1mScanning dependencies of target 02_alias[0m
[35m[1mScanning dependencies of target reformat[0m
[35m[1mScanning dependencies of target 04_subclasses[0m
[35m[1mScanning dependencies of target 08_custom_types[0m
[35m[1mScanning dependencies of target 06_map[0m
[35m[1mScanning dependencies of target 03_optional_types[0m
[35m[1mScanning dependencies of target 07_stdtypes[0m
[35m[1mScanning dependencies of target 05_enums[0m
[  5%] [32mBuilding CXX object examples/CMakeFiles/02_alias.dir/02_alias.cpp.o[0m
[  5%] [32mBuilding CXX object examples/CMakeFiles/05_enums.dir/05_enums.cpp.o[0m
[  6%] [32mBuilding CXX object examples/CMakeFiles/04_subclasses.dir/04_subclasses.cpp.o[0m
[  6%] [32mBuilding CXX object examples/CMakeFiles/07_stdtypes.dir/07_stdtypes.cpp.o[0m
[  5%] [32mBuilding CXX object examples/CMakeFiles/reformat.dir/reformat.cpp.o[0m
[  5%] [32mBuilding CXX object examples/CMakeFiles/06_map.dir/06_map.cpp.o[0m
[  7%] [32mBuilding CXX object examples/CMakeFiles/08_custom_types.dir/08_custom_types.cpp.o[0m
[  8%] [32mBuilding CXX object examples/CMakeFiles/03_optional_types.dir/03_optional_types.cpp.o[0m
[  8%] [32m[1mLinking CXX executable 08_custom_types[0m
[  9%] [32m[1mLinking CXX executable reformat[0m
[ 10%] [32m[1mLinking CXX executable 05_enums[0m
[ 10%] [32m[1mLinking CXX executable 02_alias[0m
[ 10%] [32m[1mLinking CXX executable 04_subclasses[0m
[ 10%] Built target 08_custom_types
[ 10%] Built target reformat
[35m[1mScanning dependencies of target 10_simple_tokenize[0m
[ 10%] [32mBuilding CXX object examples/CMakeFiles/10_simple_tokenize.dir/10_simple_tokenize.cpp.o[0m
[35m[1mScanning dependencies of target 13_diff_missing_data[0m
[ 11%] [32m[1mLinking CXX executable 03_optional_types[0m
[ 11%] Built target 05_enums
[ 11%] Built target 02_alias
[ 12%] [32mBuilding CXX object examples/CMakeFiles/13_diff_missing_data.dir/13_diff_missing_data.cpp.o[0m
[35m[1mScanning dependencies of target 01_simple_struct[0m
[35m[1mScanning dependencies of target 09_nested_types[0m
[ 12%] [32mBuilding CXX object examples/CMakeFiles/01_simple_struct.dir/01_simple_struct.cpp.o[0m
[ 13%] [32mBuilding CXX object examples/CMakeFiles/09_nested_types.dir/09_nested_types.cpp.o[0m
[ 13%] Built target 04_subclasses
[35m[1mScanning dependencies of target 11_calling_functions[0m
[ 14%] [32mBuilding CXX object examples/CMakeFiles/11_calling_functions.dir/11_calling_functions.cpp.o[0m
[ 14%] Built target 03_optional_types
[35m[1mScanning dependencies of target 12_simple_diff[0m
[ 14%] [32mBuilding CXX object examples/CMakeFiles/12_simple_diff.dir/12_simple_diff.cpp.o[0m
[ 14%] [32m[1mLinking CXX executable 06_map[0m
[ 15%] [32m[1mLinking CXX executable 07_stdtypes[0m
[ 15%] Built target 06_map
[ 16%] [34m[1mGenerating intermediate file for /home/yin-roc/1-Github/Ubuntu20.04-VMware/workspace/qt_ros_ws/ros_qt_gui/src/Ros_Qt5_Gui_App/3rdpart/JsonStruct/tests/generated.json[0m
[ 16%] [34m[1mGenerating external_json_resources resource loader[0m
[35m[1mScanning dependencies of target external_json_resources[0m
[ 16%] Built target 07_stdtypes
[ 17%] [32mBuilding CXX object tests/CMakeFiles/external_json_resources.dir/__cmrc_external_json_resources/lib.cpp.o[0m
[35m[1mScanning dependencies of target catch_main[0m
[ 17%] [32mBuilding CXX object tests/CMakeFiles/catch_main.dir/catch-main.cpp.o[0m
[ 18%] [32m[1mLinking CXX executable 10_simple_tokenize[0m
[ 18%] [32mBuilding CXX object tests/CMakeFiles/external_json_resources.dir/__cmrc_external_json_resources/intermediate/generated.json.cpp.o[0m
[ 19%] [32m[1mLinking CXX static library libexternal_json_resources.a[0m
[ 19%] Built target 10_simple_tokenize
[35m[1mScanning dependencies of target zero-value-test-fp-default[0m
[ 20%] [32m[1mLinking CXX executable 01_simple_struct[0m
[ 20%] Built target external_json_resources
[ 21%] [32m[1mLinking CXX executable 09_nested_types[0m
[ 21%] [32mBuilding CXX object tests/CMakeFiles/zero-value-test-fp-default.dir/zero-value-test.cpp.o[0m
[35m[1mScanning dependencies of target zero-value-test-fp-fast[0m
[ 22%] [32mBuilding CXX object tests/CMakeFiles/zero-value-test-fp-fast.dir/zero-value-test.cpp.o[0m
[ 22%] Built target 01_simple_struct
[ 22%] Built target 09_nested_types
[35m[1mScanning dependencies of target catch_main_benchmark[0m
[ 23%] [32mBuilding CXX object performance/CMakeFiles/catch_main_benchmark.dir/catch-main.cpp.o[0m
[ 24%] [32m[1mLinking CXX executable 13_diff_missing_data[0m
[ 24%] Built target 13_diff_missing_data
[ 25%] [32m[1mLinking CXX executable 12_simple_diff[0m
[ 26%] [32m[1mLinking CXX executable 11_calling_functions[0m
[ 26%] Built target 12_simple_diff
[ 26%] Built target 11_calling_functions
[ 27%] [32m[1mLinking CXX static library libcatch_main.a[0m
[ 27%] Built target catch_main
[35m[1mScanning dependencies of target unit-tests-cxx17[0m
[35m[1mScanning dependencies of target unit-tests[0m
[ 28%] [32mBuilding CXX object tests/CMakeFiles/unit-tests.dir/cmake_pch.hxx.gch[0m
[ 28%] [32mBuilding CXX object tests/CMakeFiles/unit-tests-cxx17.dir/json-struct-test-new.cpp.o[0m
[ 28%] [32mBuilding CXX object tests/CMakeFiles/unit-tests-cxx17.dir/json-optional.cpp.o[0m
[ 29%] [32mBuilding CXX object tests/CMakeFiles/unit-tests-cxx17.dir/json-struct-test.cpp.o[0m
[ 30%] [32mBuilding CXX object tests/CMakeFiles/unit-tests-cxx17.dir/json-struct-external.cpp.o[0m
[ 31%] [32m[1mLinking CXX static library libcatch_main_benchmark.a[0m
[ 31%] Built target catch_main_benchmark
[35m[1mScanning dependencies of target benchmark[0m
[ 31%] [32mBuilding CXX object performance/CMakeFiles/benchmark.dir/benchmark.cpp.o[0m
[ 32%] [32m[1mLinking CXX executable zero-value-test-fp-fast[0m
[ 33%] [32m[1mLinking CXX executable zero-value-test-fp-default[0m
[ 33%] Built target zero-value-test-fp-fast
[ 34%] [32mBuilding CXX object performance/CMakeFiles/benchmark.dir/glaze_benchmark.cpp.o[0m
[ 34%] Built target zero-value-test-fp-default
[ 35%] [32mBuilding CXX object performance/CMakeFiles/benchmark.dir/include/simdjson/simdjson.cpp.o[0m
[ 35%] [32mBuilding CXX object tests/CMakeFiles/unit-tests-cxx17.dir/json-struct-big-test.cpp.o[0m
[ 36%] [32mBuilding CXX object tests/CMakeFiles/unit-tests-cxx17.dir/json-struct-verify.cpp.o[0m
[ 37%] [32mBuilding CXX object tests/CMakeFiles/unit-tests.dir/json-struct-test.cpp.o[0m
[ 38%] [32mBuilding CXX object tests/CMakeFiles/unit-tests-cxx17.dir/json-struct-serialize-tuple.cpp.o[0m
[ 39%] [32mBuilding CXX object tests/CMakeFiles/unit-tests-cxx17.dir/json-struct-aliases-test.cpp.o[0m
[ 39%] [32mBuilding CXX object tests/CMakeFiles/unit-tests-cxx17.dir/json-struct-serialize-test.cpp.o[0m
[ 40%] [32mBuilding CXX object tests/CMakeFiles/unit-tests-cxx17.dir/json-struct-diff.cpp.o[0m
[ 41%] [32mBuilding CXX object tests/CMakeFiles/unit-tests-cxx17.dir/json-struct-fail.cpp.o[0m
[ 42%] [32mBuilding CXX object tests/CMakeFiles/unit-tests.dir/json-struct-test-new.cpp.o[0m
[ 43%] [32mBuilding CXX object tests/CMakeFiles/unit-tests-cxx17.dir/json-struct-float.cpp.o[0m
[ 43%] [32mBuilding CXX object tests/CMakeFiles/unit-tests-cxx17.dir/json-mias-mat.cpp.o[0m
[ 44%] [32mBuilding CXX object tests/CMakeFiles/unit-tests-cxx17.dir/json-nullable-test.cpp.o[0m
[ 45%] [32mBuilding CXX object tests/CMakeFiles/unit-tests-cxx17.dir/json-string-with-nullterminator-test.cpp.o[0m
[ 46%] [32mBuilding CXX object tests/CMakeFiles/unit-tests-cxx17.dir/json-tokenizer-fail-test.cpp.o[0m
[ 46%] [32mBuilding CXX object tests/CMakeFiles/unit-tests-cxx17.dir/json-tokenizer-partial-test.cpp.o[0m
[ 47%] [32mBuilding CXX object tests/CMakeFiles/unit-tests-cxx17.dir/json-tokenizer-test.cpp.o[0m
[ 48%] [32m[1mLinking CXX executable benchmark[0m
[ 49%] [32mBuilding CXX object tests/CMakeFiles/unit-tests-cxx17.dir/json-function-test.cpp.o[0m
[ 49%] [32mBuilding CXX object tests/CMakeFiles/unit-tests-cxx17.dir/json-function-test-new.cpp.o[0m
[ 50%] [32mBuilding CXX object tests/CMakeFiles/unit-tests-cxx17.dir/json-function-external-test.cpp.o[0m
[ 50%] Built target benchmark
[ 51%] [32mBuilding CXX object tests/CMakeFiles/unit-tests.dir/json-struct-external.cpp.o[0m
[ 52%] [32mBuilding CXX object tests/CMakeFiles/unit-tests-cxx17.dir/json-function-external-test-new.cpp.o[0m
[ 52%] [32mBuilding CXX object tests/CMakeFiles/unit-tests.dir/json-struct-big-test.cpp.o[0m
[ 53%] [32mBuilding CXX object tests/CMakeFiles/unit-tests-cxx17.dir/json-function-error-test.cpp.o[0m
[ 53%] [32mBuilding CXX object tests/CMakeFiles/unit-tests-cxx17.dir/json-scope.cpp.o[0m
[ 54%] [32mBuilding CXX object tests/CMakeFiles/unit-tests.dir/json-struct-verify.cpp.o[0m
[ 55%] [32mBuilding CXX object tests/CMakeFiles/unit-tests-cxx17.dir/members-size-test.cpp.o[0m
[ 56%] [32mBuilding CXX object tests/CMakeFiles/unit-tests-cxx17.dir/compiler-test.cpp.o[0m
[ 57%] [32mBuilding CXX object tests/CMakeFiles/unit-tests-cxx17.dir/meta-for-tokens.cpp.o[0m
[ 57%] [32mBuilding CXX object tests/CMakeFiles/unit-tests-cxx17.dir/json-enum-test.cpp.o[0m
[ 58%] [32mBuilding CXX object tests/CMakeFiles/unit-tests.dir/json-struct-serialize-tuple.cpp.o[0m
[ 59%] [32mBuilding CXX object tests/CMakeFiles/unit-tests-cxx17.dir/json-meta-test.cpp.o[0m
[ 60%] [32mBuilding CXX object tests/CMakeFiles/unit-tests-cxx17.dir/json-copy-test.cpp.o[0m
[ 61%] [32mBuilding CXX object tests/CMakeFiles/unit-tests.dir/json-struct-aliases-test.cpp.o[0m
[ 62%] [32mBuilding CXX object tests/CMakeFiles/unit-tests-cxx17.dir/multi-compilation-units-1.cpp.o[0m
[ 62%] [32mBuilding CXX object tests/CMakeFiles/unit-tests-cxx17.dir/multi-compilation-units-2.cpp.o[0m
[ 62%] [32mBuilding CXX object tests/CMakeFiles/unit-tests.dir/json-struct-serialize-test.cpp.o[0m
[ 63%] [32mBuilding CXX object tests/CMakeFiles/unit-tests-cxx17.dir/multi-compilation-units-main.cpp.o[0m
[ 64%] [32mBuilding CXX object tests/CMakeFiles/unit-tests-cxx17.dir/json-reformat.cpp.o[0m
[ 65%] [32mBuilding CXX object tests/CMakeFiles/unit-tests.dir/json-struct-diff.cpp.o[0m
[ 65%] [32mBuilding CXX object tests/CMakeFiles/unit-tests-cxx17.dir/json-unordered-map.cpp.o[0m
[ 66%] [32mBuilding CXX object tests/CMakeFiles/unit-tests-cxx17.dir/json-struct-utf8.cpp.o[0m
[ 67%] [32mBuilding CXX object tests/CMakeFiles/unit-tests-cxx17.dir/json-struct-escape.cpp.o[0m
[ 68%] [32mBuilding CXX object tests/CMakeFiles/unit-tests.dir/json-struct-fail.cpp.o[0m
[ 69%] [32mBuilding CXX object tests/CMakeFiles/unit-tests-cxx17.dir/json-struct-error-string.cpp.o[0m
[ 69%] [32mBuilding CXX object tests/CMakeFiles/unit-tests-cxx17.dir/json-struct-polymorphic-map.cpp.o[0m
[ 69%] [32mBuilding CXX object tests/CMakeFiles/unit-tests.dir/json-struct-float.cpp.o[0m
[ 70%] [32mBuilding CXX object tests/CMakeFiles/unit-tests-cxx17.dir/json-struct-array-varlength.cpp.o[0m
[ 71%] [32mBuilding CXX object tests/CMakeFiles/unit-tests.dir/json-mias-mat.cpp.o[0m
[ 72%] [32mBuilding CXX object tests/CMakeFiles/unit-tests-cxx17.dir/json-struct-stdint.cpp.o[0m
[ 73%] [32mBuilding CXX object tests/CMakeFiles/unit-tests.dir/json-nullable-test.cpp.o[0m
[ 74%] [32mBuilding CXX object tests/CMakeFiles/unit-tests-cxx17.dir/json-struct-nested.cpp.o[0m
[ 74%] [32mBuilding CXX object tests/CMakeFiles/unit-tests-cxx17.dir/json-struct-map-typehandler.cpp.o[0m
[ 75%] [32mBuilding CXX object tests/CMakeFiles/unit-tests-cxx17.dir/json-tokenizer-invalid-json.cpp.o[0m
[ 76%] [32mBuilding CXX object tests/CMakeFiles/unit-tests.dir/json-string-with-nullterminator-test.cpp.o[0m
[ 77%] [32mBuilding CXX object tests/CMakeFiles/unit-tests-cxx17.dir/json-timepoint.cpp.o[0m
[ 77%] [32mBuilding CXX object tests/CMakeFiles/unit-tests.dir/json-tokenizer-fail-test.cpp.o[0m
[ 78%] [32mBuilding CXX object tests/CMakeFiles/unit-tests.dir/json-tokenizer-partial-test.cpp.o[0m
[ 79%] [32mBuilding CXX object tests/CMakeFiles/unit-tests.dir/json-tokenizer-test.cpp.o[0m
[ 80%] [32mBuilding CXX object tests/CMakeFiles/unit-tests.dir/json-function-test.cpp.o[0m
[ 80%] [32mBuilding CXX object tests/CMakeFiles/unit-tests.dir/json-function-test-new.cpp.o[0m
[ 81%] [32mBuilding CXX object tests/CMakeFiles/unit-tests.dir/json-function-external-test.cpp.o[0m
[ 82%] [32mBuilding CXX object tests/CMakeFiles/unit-tests.dir/json-function-external-test-new.cpp.o[0m
[ 83%] [32mBuilding CXX object tests/CMakeFiles/unit-tests.dir/json-function-error-test.cpp.o[0m
[ 83%] [32mBuilding CXX object tests/CMakeFiles/unit-tests.dir/json-scope.cpp.o[0m
[ 84%] [32mBuilding CXX object tests/CMakeFiles/unit-tests.dir/members-size-test.cpp.o[0m
[ 85%] [32m[1mLinking CXX executable unit-tests-cxx17[0m
[ 86%] [32mBuilding CXX object tests/CMakeFiles/unit-tests.dir/compiler-test.cpp.o[0m
[ 87%] [32mBuilding CXX object tests/CMakeFiles/unit-tests.dir/meta-for-tokens.cpp.o[0m
[ 88%] [32mBuilding CXX object tests/CMakeFiles/unit-tests.dir/json-meta-test.cpp.o[0m
[ 88%] [32mBuilding CXX object tests/CMakeFiles/unit-tests.dir/json-enum-test.cpp.o[0m
[ 89%] [32mBuilding CXX object tests/CMakeFiles/unit-tests.dir/json-copy-test.cpp.o[0m
[ 89%] [32mBuilding CXX object tests/CMakeFiles/unit-tests.dir/multi-compilation-units-1.cpp.o[0m
[ 90%] [32mBuilding CXX object tests/CMakeFiles/unit-tests.dir/multi-compilation-units-2.cpp.o[0m
[ 91%] [32mBuilding CXX object tests/CMakeFiles/unit-tests.dir/multi-compilation-units-main.cpp.o[0m
[ 92%] [32mBuilding CXX object tests/CMakeFiles/unit-tests.dir/json-reformat.cpp.o[0m
[ 92%] [32mBuilding CXX object tests/CMakeFiles/unit-tests.dir/json-unordered-map.cpp.o[0m
[ 93%] [32mBuilding CXX object tests/CMakeFiles/unit-tests.dir/json-struct-utf8.cpp.o[0m
[ 93%] Built target unit-tests-cxx17
[ 94%] [32mBuilding CXX object tests/CMakeFiles/unit-tests.dir/json-struct-escape.cpp.o[0m
[ 95%] [32mBuilding CXX object tests/CMakeFiles/unit-tests.dir/json-struct-error-string.cpp.o[0m
[ 95%] [32mBuilding CXX object tests/CMakeFiles/unit-tests.dir/json-struct-polymorphic-map.cpp.o[0m
[ 96%] [32mBuilding CXX object tests/CMakeFiles/unit-tests.dir/json-struct-array-varlength.cpp.o[0m
[ 97%] [32mBuilding CXX object tests/CMakeFiles/unit-tests.dir/json-struct-stdint.cpp.o[0m
[ 98%] [32mBuilding CXX object tests/CMakeFiles/unit-tests.dir/json-struct-nested.cpp.o[0m
[ 98%] [32mBuilding CXX object tests/CMakeFiles/unit-tests.dir/json-struct-map-typehandler.cpp.o[0m
[ 99%] [32mBuilding CXX object tests/CMakeFiles/unit-tests.dir/json-tokenizer-invalid-json.cpp.o[0m
[100%] [32m[1mLinking CXX executable unit-tests[0m
[100%] Built target unit-tests
