-- Using CATKIN_DEVEL_PREFIX: /home/yin-roc/1-Github/Ubuntu20.04-VMware/workspace/qt_ros_ws/demo02_ws/devel
-- Using CMAKE_PREFIX_PATH: /home/yin-roc/1-Github/Ubuntu20.04-VMware/workspace/qt_ros_ws/demo02_ws/devel;/opt/ros/noetic
-- This workspace overlays: /home/yin-roc/1-Github/Ubuntu20.04-VMware/workspace/qt_ros_ws/demo02_ws/devel;/opt/ros/noetic
-- Found PythonInterp: /usr/bin/python3 (found suitable version "3.8.10", minimum required is "3")
-- Using PYTHON_EXECUTABLE: /usr/bin/python3
-- Using Debian Python package layout
-- Using empy: /usr/lib/python3/dist-packages/em.py
-- Using CATKIN_ENABLE_TESTING: ON
-- Call enable_testing()
-- Using CATKIN_TEST_RESULTS_DIR: /home/yin-roc/1-Github/Ubuntu20.04-VMware/workspace/qt_ros_ws/demo02_ws/build/demo/test_results
-- Forcing gtest/gmock from source, though one was otherwise available.
-- Found gtest sources under '/usr/src/googletest': gtests will be built
-- Found gmock sources under '/usr/src/googletest': gmock will be built
-- Found PythonInterp: /usr/bin/python3 (found version "3.8.10")
-- Using Python nosetests: /usr/bin/nosetests3
-- catkin 0.8.10
-- BUILD_SHARED_LIBS is on
CMake Error at /home/yin-roc/1-Github/Ubuntu20.04-VMware/workspace/qt_ros_ws/demo02_ws/src/demo/CMakeLists.txt:18 (find_package):
  By not providing "FindQt6.cmake" in CMAKE_MODULE_PATH this project has
  asked CMake to find a package configuration file provided by "Qt6", but
  CMake did not find one.

  Could not find a package configuration file provided by "Qt6" with any of
  the following names:

    Qt6Config.cmake
    qt6-config.cmake

  Add the installation prefix of "Qt6" to CMAKE_PREFIX_PATH or set "Qt6_DIR"
  to a directory containing one of the above files.  If "Qt6" provides a
  separate development package or SDK, be sure it has been installed.


-- Configuring incomplete, errors occurred!
See also "/home/yin-roc/1-Github/Ubuntu20.04-VMware/workspace/qt_ros_ws/demo02_ws/build/demo/CMakeFiles/CMakeOutput.log".
See also "/home/yin-roc/1-Github/Ubuntu20.04-VMware/workspace/qt_ros_ws/demo02_ws/build/demo/CMakeFiles/CMakeError.log".
make: *** [Makefile:708：cmake_check_build_system] 错误 1
