-- Using CATKIN_DEVEL_PREFIX: /home/yin-roc/1-Github/Ubuntu20.04-VMware/workspace/qt_ros_ws/template/devel
-- Using CMAKE_PREFIX_PATH: /home/yin-roc/1-Github/Ubuntu20.04-VMware/workspace/qt_ros_ws/template/devel;/opt/ros/noetic;/home/yin-roc/Qt/6.6.2/gcc_64
-- This workspace overlays: /home/yin-roc/1-Github/Ubuntu20.04-VMware/workspace/qt_ros_ws/template/devel;/opt/ros/noetic
-- Found PythonInterp: /usr/bin/python3 (found suitable version "3.8.10", minimum required is "3")
-- Using PYTHON_EXECUTABLE: /usr/bin/python3
-- Using Debian Python package layout
-- Using empy: /usr/lib/python3/dist-packages/em.py
-- Using CATKIN_ENABLE_TESTING: ON
-- Call enable_testing()
-- Using CATKIN_TEST_RESULTS_DIR: /home/yin-roc/1-Github/Ubuntu20.04-VMware/workspace/qt_ros_ws/template/build/demo/test_results
-- Forcing gtest/gmock from source, though one was otherwise available.
-- Found gtest sources under '/usr/src/googletest': gtests will be built
-- Found gmock sources under '/usr/src/googletest': gmock will be built
-- Found PythonInterp: /usr/bin/python3 (found version "3.8.10")
-- Using Python nosetests: /usr/bin/nosetests3
-- catkin 0.8.10
-- BUILD_SHARED_LIBS is on
-- Configuring done
CMake Error at /home/yin-roc/1-Github/Ubuntu20.04-VMware/workspace/qt_ros_ws/template/src/demo/CMakeLists.txt:163 (add_executable):
  Target "demo_node" links to target "Qt5::WebChannel" but the target was not
  found.  Perhaps a find_package() call is missing for an IMPORTED target, or
  an ALIAS target is missing?


-- Generating done
CMake Generate step failed.  Build files cannot be regenerated correctly.
make: *** [Makefile:708：cmake_check_build_system] 错误 1
