Not searching for unused variables given on the command line.
-- The C compiler identification is GNU 9.4.0
-- The CXX compiler identification is GNU 9.4.0
-- Check for working C compiler: /usr/bin/cc
-- Check for working C compiler: /usr/bin/cc -- works
-- Detecting C compiler ABI info
-- Detecting C compiler ABI info - done
-- Detecting C compile features
-- Detecting C compile features - done
-- Check for working CXX compiler: /usr/bin/c++
-- Check for working CXX compiler: /usr/bin/c++ -- works
-- Detecting CXX compiler ABI info
-- Detecting CXX compiler ABI info - done
-- Detecting CXX compile features
-- Detecting CXX compile features - done
-- Using CATKIN_DEVEL_PREFIX: /home/yin-roc/1-Github/Ubuntu20.04-VMware/workspace/qt_ros_ws/template/devel
-- Using CMAKE_PREFIX_PATH: /opt/ros/noetic
-- This workspace overlays: /opt/ros/noetic
-- Found PythonInterp: /usr/bin/python3 (found suitable version "3.8.10", minimum required is "3")
-- Using PYTHON_EXECUTABLE: /usr/bin/python3
-- Using Debian Python package layout
-- Found PY_em: /usr/lib/python3/dist-packages/em.py
-- Using empy: /usr/lib/python3/dist-packages/em.py
-- Using CATKIN_ENABLE_TESTING: ON
-- Call enable_testing()
-- Using CATKIN_TEST_RESULTS_DIR: /home/yin-roc/1-Github/Ubuntu20.04-VMware/workspace/qt_ros_ws/template/build/demo/test_results
-- Forcing gtest/gmock from source, though one was otherwise available.
-- Found gtest sources under '/usr/src/googletest': gtests will be built
-- Found gmock sources under '/usr/src/googletest': gmock will be built
-- Found PythonInterp: /usr/bin/python3 (found version "3.8.10")
-- Found Threads: TRUE
-- Using Python nosetests: /usr/bin/nosetests3
-- catkin 0.8.10
-- BUILD_SHARED_LIBS is on
CMake Error at /opt/ros/noetic/share/catkin/cmake/catkin_package_xml.cmake:54 (message):
  catkin_package_xml() package name 'demo' in
  '/home/yin-roc/1-Github/Ubuntu20.04-VMware/workspace/qt_ros_ws/template/src/demo/package.xml'
  does not match current PROJECT_NAME 'marker'.  You must call project() with
  the same package name before.
Call Stack (most recent call first):
  /opt/ros/noetic/share/catkin/cmake/catkin_package.cmake:99 (catkin_package_xml)
  CMakeLists.txt:113 (catkin_package)


-- Configuring incomplete, errors occurred!
See also "/home/yin-roc/1-Github/Ubuntu20.04-VMware/workspace/qt_ros_ws/template/build/demo/CMakeFiles/CMakeOutput.log".
See also "/home/yin-roc/1-Github/Ubuntu20.04-VMware/workspace/qt_ros_ws/template/build/demo/CMakeFiles/CMakeError.log".
