In file included from [01m[K/opt/ros/noetic/include/ros/serialization.h:37[m[K,
                 from [01m[K/opt/ros/noetic/include/ros/publisher.h:34[m[K,
                 from [01m[K/opt/ros/noetic/include/ros/node_handle.h:32[m[K,
                 from [01m[K/opt/ros/noetic/include/ros/ros.h:45[m[K,
                 from [01m[K/home/yin-roc/1-Github/Ubuntu20.04-VMware/workspace/qt_ros_ws/catkin_demo_ws/src/Direction_control/src/rosnode.h:4[m[K,
                 from [01m[K/home/yin-roc/1-Github/Ubuntu20.04-VMware/workspace/qt_ros_ws/catkin_demo_ws/src/Direction_control/src/rosnode.cpp:1[m[K:
/opt/ros/noetic/include/ros/message_traits.h: In instantiation of ‘[01m[Kstatic const char* ros::message_traits::MD5Sum<M>::value(const M&) [with M = std::__cxx11::basic_stringstream<char>][m[K’:
[01m[K/opt/ros/noetic/include/ros/message_traits.h:254:102:[m[K   required from ‘[01m[Kconst char* ros::message_traits::md5sum(const M&) [with M = std::__cxx11::basic_stringstream<char>][m[K’
[01m[K/opt/ros/noetic/include/ros/publisher.h:117:38:[m[K   required from ‘[01m[Kvoid ros::Publisher::publish(const M&) const [with M = std::__cxx11::basic_stringstream<char>][m[K’
[01m[K/home/yin-roc/1-Github/Ubuntu20.04-VMware/workspace/qt_ros_ws/catkin_demo_ws/src/Direction_control/src/rosnode.cpp:18:23:[m[K   required from here
[01m[K/opt/ros/noetic/include/ros/message_traits.h:125:14:[m[K [01;31m[Kerror: [m[K‘[01m[Kconst class std::__cxx11::basic_stringstream<char>[m[K’ has no member named ‘[01m[K__getMD5Sum[m[K’
  125 |     return [01;31m[Km.__getMD5Sum[m[K().c_str();
      |            [01;31m[K~~^~~~~~~~~~~[m[K
/opt/ros/noetic/include/ros/message_traits.h: In instantiation of ‘[01m[Kstatic const char* ros::message_traits::DataType<M>::value(const M&) [with M = std::__cxx11::basic_stringstream<char>][m[K’:
[01m[K/opt/ros/noetic/include/ros/message_traits.h:263:104:[m[K   required from ‘[01m[Kconst char* ros::message_traits::datatype(const M&) [with M = std::__cxx11::basic_stringstream<char>][m[K’
[01m[K/opt/ros/noetic/include/ros/publisher.h:119:11:[m[K   required from ‘[01m[Kvoid ros::Publisher::publish(const M&) const [with M = std::__cxx11::basic_stringstream<char>][m[K’
[01m[K/home/yin-roc/1-Github/Ubuntu20.04-VMware/workspace/qt_ros_ws/catkin_demo_ws/src/Direction_control/src/rosnode.cpp:18:23:[m[K   required from here
[01m[K/opt/ros/noetic/include/ros/message_traits.h:142:14:[m[K [01;31m[Kerror: [m[K‘[01m[Kconst class std::__cxx11::basic_stringstream<char>[m[K’ has no member named ‘[01m[K__getDataType[m[K’
  142 |     return [01;31m[Km.__getDataType[m[K().c_str();
      |            [01;31m[K~~^~~~~~~~~~~~~[m[K
In file included from [01m[K/opt/ros/noetic/include/ros/publisher.h:34[m[K,
                 from [01m[K/opt/ros/noetic/include/ros/node_handle.h:32[m[K,
                 from [01m[K/opt/ros/noetic/include/ros/ros.h:45[m[K,
                 from [01m[K/home/yin-roc/1-Github/Ubuntu20.04-VMware/workspace/qt_ros_ws/catkin_demo_ws/src/Direction_control/src/rosnode.h:4[m[K,
                 from [01m[K/home/yin-roc/1-Github/Ubuntu20.04-VMware/workspace/qt_ros_ws/catkin_demo_ws/src/Direction_control/src/rosnode.cpp:1[m[K:
/opt/ros/noetic/include/ros/serialization.h: In instantiation of ‘[01m[Kstatic uint32_t ros::serialization::Serializer<T>::serializedLength(typename boost::call_traits<T>::param_type) [with T = std::__cxx11::basic_stringstream<char>; uint32_t = unsigned int; typename boost::call_traits<T>::param_type = const std::__cxx11::basic_stringstream<char>&][m[K’:
[01m[K/opt/ros/noetic/include/ros/serialization.h:180:41:[m[K   required from ‘[01m[Kuint32_t ros::serialization::serializationLength(const T&) [with T = std::__cxx11::basic_stringstream<char>; uint32_t = unsigned int][m[K’
[01m[K/opt/ros/noetic/include/ros/serialization.h:815:37:[m[K   required from ‘[01m[Kros::SerializedMessage ros::serialization::serializeMessage(const M&) [with M = std::__cxx11::basic_stringstream<char>][m[K’
[01m[K/opt/ros/noetic/include/ros/publisher.h:126:26:[m[K   required from ‘[01m[Kvoid ros::Publisher::publish(const M&) const [with M = std::__cxx11::basic_stringstream<char>][m[K’
[01m[K/home/yin-roc/1-Github/Ubuntu20.04-VMware/workspace/qt_ros_ws/catkin_demo_ws/src/Direction_control/src/rosnode.cpp:18:23:[m[K   required from here
[01m[K/opt/ros/noetic/include/ros/serialization.h:145:14:[m[K [01;31m[Kerror: [m[K‘[01m[Kconst class std::__cxx11::basic_stringstream<char>[m[K’ has no member named ‘[01m[KserializationLength[m[K’
  145 |     return [01;31m[Kt.serializationLength[m[K();
      |            [01;31m[K~~^~~~~~~~~~~~~~~~~~~[m[K
/opt/ros/noetic/include/ros/serialization.h: In instantiation of ‘[01m[Kstatic void ros::serialization::Serializer<T>::write(Stream&, typename boost::call_traits<T>::param_type) [with Stream = ros::serialization::OStream; T = std::__cxx11::basic_stringstream<char>; typename boost::call_traits<T>::param_type = const std::__cxx11::basic_stringstream<char>&][m[K’:
[01m[K/opt/ros/noetic/include/ros/serialization.h:155:23:[m[K   required from ‘[01m[Kvoid ros::serialization::serialize(Stream&, const T&) [with T = std::__cxx11::basic_stringstream<char>; Stream = ros::serialization::OStream][m[K’
[01m[K/opt/ros/noetic/include/ros/serialization.h:822:12:[m[K   required from ‘[01m[Kros::SerializedMessage ros::serialization::serializeMessage(const M&) [with M = std::__cxx11::basic_stringstream<char>][m[K’
[01m[K/opt/ros/noetic/include/ros/publisher.h:126:26:[m[K   required from ‘[01m[Kvoid ros::Publisher::publish(const M&) const [with M = std::__cxx11::basic_stringstream<char>][m[K’
[01m[K/home/yin-roc/1-Github/Ubuntu20.04-VMware/workspace/qt_ros_ws/catkin_demo_ws/src/Direction_control/src/rosnode.cpp:18:23:[m[K   required from here
[01m[K/opt/ros/noetic/include/ros/serialization.h:128:7:[m[K [01;31m[Kerror: [m[K‘[01m[Kconst class std::__cxx11::basic_stringstream<char>[m[K’ has no member named ‘[01m[Kserialize[m[K’
  128 |     [01;31m[Kt.serialize[m[K(stream.getData(), 0);
      |     [01;31m[K~~^~~~~~~~~[m[K
make[2]: *** [CMakeFiles/Direction_control.dir/build.make:102：CMakeFiles/Direction_control.dir/src/rosnode.cpp.o] 错误 1
make[1]: *** [CMakeFiles/Makefile2:160：CMakeFiles/Direction_control.dir/all] 错误 2
make: *** [Makefile:141：all] 错误 2
